# JRE version: OpenJDK Runtime Environment Temurin-21.0.10+7 (21.0.10+7) (build 21.0.10+7-LTS)
# Java VM: OpenJDK 64-Bit Server VM Temurin-21.0.10+7 (21.0.10+7-LTS, mixed mode, sharing, tiered, compressed oops, compressed class ptrs, parallel gc, windows-amd64)
GC Precious Log:
 CardTable entry size: 512
 CPUs: 18 total, 18 available
 Memory: 15743M
 Large Page Support: Disabled
 NUMA Support: Disabled
 Compressed Oops: Enabled (32-bit)
 Alignments: Space 512K, Generation 512K, Heap 2M
 Heap Min Capacity: 100M
 Heap Initial Capacity: 100M
 Heap Max Capacity: 2G
 Pre-touch: Disabled
 Parallel Workers: 14
Heap:
 PSYoungGen      total 4096K, used 2544K [0x00000000d5580000, 0x00000000d5b80000, 0x0000000100000000)
  eden space 3584K, 60% used [0x00000000d5580000,0x00000000d579c318,0x00000000d5900000)
  from space 512K, 75% used [0x00000000d5900000,0x00000000d5960000,0x00000000d5980000)
  to   space 1024K, 0% used [0x00000000d5a80000,0x00000000d5a80000,0x00000000d5b80000)
 ParOldGen       total 345088K, used 344732K [0x0000000080000000, 0x0000000095100000, 0x00000000d5580000)
  object space 345088K, 99% used [0x0000000080000000,0x00000000950a7208,0x0000000095100000)
 Metaspace       used 66635K, committed 68224K, reserved 1114112K
  class space    used 6947K, committed 7616K, reserved 1048576K
GC Heap History (20 events):
Event: 1931.375 GC heap before
{Heap before GC invocations=623 (full 3):
 PSYoungGen      total 4608K, used 3808K [0x00000000d5580000, 0x00000000d5a80000, 0x0000000100000000)
  eden space 3584K, 100% used [0x00000000d5580000,0x00000000d5900000,0x00000000d5900000)
  from space 1024K, 21% used [0x00000000d5900000,0x00000000d5938000,0x00000000d5a00000)
  to   space 512K, 0% used [0x00000000d5a00000,0x00000000d5a00000,0x00000000d5a80000)
 ParOldGen       total 337920K, used 337864K [0x0000000080000000, 0x0000000094a00000, 0x00000000d5580000)
  object space 337920K, 99% used [0x0000000080000000,0x00000000949f20d0,0x0000000094a00000)
 Metaspace       used 66530K, committed 68096K, reserved 1114112K
  class space    used 6947K, committed 7616K, reserved 1048576K
}
Event: 1931.377 GC heap after
{Heap after GC invocations=623 (full 3):
 PSYoungGen      total 4096K, used 256K [0x00000000d5580000, 0x00000000d5a80000, 0x0000000100000000)
  eden space 3584K, 0% used [0x00000000d5580000,0x00000000d5580000,0x00000000d5900000)
  from space 512K, 50% used [0x00000000d5a00000,0x00000000d5a40000,0x00000000d5a80000)
  to   space 512K, 0% used [0x00000000d5980000,0x00000000d5980000,0x00000000d5a00000)
 ParOldGen       total 338432K, used 337968K [0x0000000080000000, 0x0000000094a80000, 0x00000000d5580000)
  object space 338432K, 99% used [0x0000000080000000,0x0000000094a0c0d0,0x0000000094a80000)
 Metaspace       used 66530K, committed 68096K, reserved 1114112K
  class space    used 6947K, committed 7616K, reserved 1048576K
}
Event: 1931.403 GC heap before
{Heap before GC invocations=624 (full 3):
 PSYoungGen      total 4096K, used 3840K [0x00000000d5580000, 0x00000000d5a80000, 0x0000000100000000)
  eden space 3584K, 100% used [0x00000000d5580000,0x00000000d5900000,0x00000000d5900000)
  from space 512K, 50% used [0x00000000d5a00000,0x00000000d5a40000,0x00000000d5a80000)
  to   space 512K, 0% used [0x00000000d5980000,0x00000000d5980000,0x00000000d5a00000)
 ParOldGen       total 338432K, used 337968K [0x0000000080000000, 0x0000000094a80000, 0x00000000d5580000)
  object space 338432K, 99% used [0x0000000080000000,0x0000000094a0c0d0,0x0000000094a80000)
 Metaspace       used 66530K, committed 68096K, reserved 1114112K
  class space    used 6947K, committed 7616K, reserved 1048576K
}
Event: 1931.405 GC heap after
{Heap after GC invocations=624 (full 3):
 PSYoungGen      total 4096K, used 412K [0x00000000d5580000, 0x00000000d5a80000, 0x0000000100000000)
  eden space 3584K, 0% used [0x00000000d5580000,0x00000000d5580000,0x00000000d5900000)
  from space 512K, 80% used [0x00000000d5980000,0x00000000d59e7378,0x00000000d5a00000)
  to   space 512K, 0% used [0x00000000d5a00000,0x00000000d5a00000,0x00000000d5a80000)
 ParOldGen       total 338432K, used 338040K [0x0000000080000000, 0x0000000094a80000, 0x00000000d5580000)
  object space 338432K, 99% used [0x0000000080000000,0x0000000094a1e0d0,0x0000000094a80000)
 Metaspace       used 66530K, committed 68096K, reserved 1114112K
  class space    used 6947K, committed 7616K, reserved 1048576K
}
Event: 1931.422 GC heap before
{Heap before GC invocations=625 (full 3):
 PSYoungGen      total 4096K, used 3996K [0x00000000d5580000, 0x00000000d5a80000, 0x0000000100000000)
  eden space 3584K, 100% used [0x00000000d5580000,0x00000000d5900000,0x00000000d5900000)
  from space 512K, 80% used [0x00000000d5980000,0x00000000d59e7378,0x00000000d5a00000)
  to   space 512K, 0% used [0x00000000d5a00000,0x00000000d5a00000,0x00000000d5a80000)
 ParOldGen       total 338432K, used 338040K [0x0000000080000000, 0x0000000094a80000, 0x00000000d5580000)
  object space 338432K, 99% used [0x0000000080000000,0x0000000094a1e0d0,0x0000000094a80000)
 Metaspace       used 66530K, committed 68096K, reserved 1114112K
  class space    used 6947K, committed 7616K, reserved 1048576K
}
Event: 1931.424 GC heap after
{Heap after GC invocations=625 (full 3):
 PSYoungGen      total 4096K, used 512K [0x00000000d5580000, 0x00000000d5b00000, 0x0000000100000000)
  eden space 3584K, 0% used [0x00000000d5580000,0x00000000d5580000,0x00000000d5900000)
  from space 512K, 100% used [0x00000000d5a00000,0x00000000d5a80000,0x00000000d5a80000)
  to   space 1024K, 0% used [0x00000000d5900000,0x00000000d5900000,0x00000000d5a00000)
 ParOldGen       total 338432K, used 338301K [0x0000000080000000, 0x0000000094a80000, 0x00000000d5580000)
  object space 338432K, 99% used [0x0000000080000000,0x0000000094a5f448,0x0000000094a80000)
 Metaspace       used 66530K, committed 68096K, reserved 1114112K
  class space    used 6947K, committed 7616K, reserved 1048576K
}
Event: 1931.482 GC heap before
{Heap before GC invocations=626 (full 3):
 PSYoungGen      total 4096K, used 4096K [0x00000000d5580000, 0x00000000d5b00000, 0x0000000100000000)
  eden space 3584K, 100% used [0x00000000d5580000,0x00000000d5900000,0x00000000d5900000)
  from space 512K, 100% used [0x00000000d5a00000,0x00000000d5a80000,0x00000000d5a80000)
  to   space 1024K, 0% used [0x00000000d5900000,0x00000000d5900000,0x00000000d5a00000)
 ParOldGen       total 338432K, used 338301K [0x0000000080000000, 0x0000000094a80000, 0x00000000d5580000)
  object space 338432K, 99% used [0x0000000080000000,0x0000000094a5f448,0x0000000094a80000)
 Metaspace       used 66531K, committed 68096K, reserved 1114112K
  class space    used 6947K, committed 7616K, reserved 1048576K
}
Event: 1931.485 GC heap after
{Heap after GC invocations=626 (full 3):
 PSYoungGen      total 4608K, used 992K [0x00000000d5580000, 0x00000000d5d00000, 0x0000000100000000)
  eden space 3584K, 0% used [0x00000000d5580000,0x00000000d5580000,0x00000000d5900000)
  from space 1024K, 96% used [0x00000000d5900000,0x00000000d59f8010,0x00000000d5a00000)
  to   space 2048K, 0% used [0x00000000d5b00000,0x00000000d5b00000,0x00000000d5d00000)
 ParOldGen       total 339456K, used 339101K [0x0000000080000000, 0x0000000094b80000, 0x00000000d5580000)
  object space 339456K, 99% used [0x0000000080000000,0x0000000094b27448,0x0000000094b80000)
 Metaspace       used 66531K, committed 68096K, reserved 1114112K
  class space    used 6947K, committed 7616K, reserved 1048576K
}
Event: 1931.527 GC heap before
{Heap before GC invocations=627 (full 3):
 PSYoungGen      total 4608K, used 4576K [0x00000000d5580000, 0x00000000d5d00000, 0x0000000100000000)
  eden space 3584K, 100% used [0x00000000d5580000,0x00000000d5900000,0x00000000d5900000)
  from space 1024K, 96% used [0x00000000d5900000,0x00000000d59f8010,0x00000000d5a00000)
  to   space 2048K, 0% used [0x00000000d5b00000,0x00000000d5b00000,0x00000000d5d00000)
 ParOldGen       total 339456K, used 339101K [0x0000000080000000, 0x0000000094b80000, 0x00000000d5580000)
  object space 339456K, 99% used [0x0000000080000000,0x0000000094b27448,0x0000000094b80000)
 Metaspace       used 66536K, committed 68096K, reserved 1114112K
  class space    used 6947K, committed 7616K, reserved 1048576K
}
Event: 1931.531 GC heap after
{Heap after GC invocations=627 (full 3):
 PSYoungGen      total 4608K, used 692K [0x00000000d5580000, 0x00000000d5c00000, 0x0000000100000000)
  eden space 3584K, 0% used [0x00000000d5580000,0x00000000d5580000,0x00000000d5900000)
  from space 1024K, 67% used [0x00000000d5b00000,0x00000000d5bad200,0x00000000d5c00000)
  to   space 1536K, 0% used [0x00000000d5900000,0x00000000d5900000,0x00000000d5a80000)
 ParOldGen       total 340480K, used 340125K [0x0000000080000000, 0x0000000094c80000, 0x00000000d5580000)
  object space 340480K, 99% used [0x0000000080000000,0x0000000094c27458,0x0000000094c80000)
 Metaspace       used 66536K, committed 68096K, reserved 1114112K
  class space    used 6947K, committed 7616K, reserved 1048576K
}
Event: 1931.579 GC heap before
{Heap before GC invocations=628 (full 3):
 PSYoungGen      total 4608K, used 4276K [0x00000000d5580000, 0x00000000d5c00000, 0x0000000100000000)
  eden space 3584K, 100% used [0x00000000d5580000,0x00000000d5900000,0x00000000d5900000)
  from space 1024K, 67% used [0x00000000d5b00000,0x00000000d5bad200,0x00000000d5c00000)
  to   space 1536K, 0% used [0x00000000d5900000,0x00000000d5900000,0x00000000d5a80000)
 ParOldGen       total 340480K, used 340125K [0x0000000080000000, 0x0000000094c80000, 0x00000000d5580000)
  object space 340480K, 99% used [0x0000000080000000,0x0000000094c27458,0x0000000094c80000)
 Metaspace       used 66544K, committed 68096K, reserved 1114112K
  class space    used 6947K, committed 7616K, reserved 1048576K
}
Event: 1931.582 GC heap after
{Heap after GC invocations=628 (full 3):
 PSYoungGen      total 5120K, used 1440K [0x00000000d5580000, 0x00000000d5d00000, 0x0000000100000000)
  eden space 3584K, 0% used [0x00000000d5580000,0x00000000d5580000,0x00000000d5900000)
  from space 1536K, 93% used [0x00000000d5900000,0x00000000d5a68000,0x00000000d5a80000)
  to   space 2048K, 0% used [0x00000000d5b00000,0x00000000d5b00000,0x00000000d5d00000)
 ParOldGen       total 340992K, used 340641K [0x0000000080000000, 0x0000000094d00000, 0x00000000d5580000)
  object space 340992K, 99% used [0x0000000080000000,0x0000000094ca8658,0x0000000094d00000)
 Metaspace       used 66544K, committed 68096K, reserved 1114112K
  class space    used 6947K, committed 7616K, reserved 1048576K
}
Event: 1931.606 GC heap before
{Heap before GC invocations=629 (full 3):
 PSYoungGen      total 5120K, used 5024K [0x00000000d5580000, 0x00000000d5d00000, 0x0000000100000000)
  eden space 3584K, 100% used [0x00000000d5580000,0x00000000d5900000,0x00000000d5900000)
  from space 1536K, 93% used [0x00000000d5900000,0x00000000d5a68000,0x00000000d5a80000)
  to   space 2048K, 0% used [0x00000000d5b00000,0x00000000d5b00000,0x00000000d5d00000)
 ParOldGen       total 340992K, used 340641K [0x0000000080000000, 0x0000000094d00000, 0x00000000d5580000)
  object space 340992K, 99% used [0x0000000080000000,0x0000000094ca8658,0x0000000094d00000)
 Metaspace       used 66547K, committed 68096K, reserved 1114112K
  class space    used 6947K, committed 7616K, reserved 1048576K
}
Event: 1931.610 GC heap after
{Heap after GC invocations=629 (full 3):
 PSYoungGen      total 4608K, used 858K [0x00000000d5580000, 0x00000000d5c00000, 0x0000000100000000)
  eden space 3584K, 0% used [0x00000000d5580000,0x00000000d5580000,0x00000000d5900000)
  from space 1024K, 83% used [0x00000000d5b00000,0x00000000d5bd6900,0x00000000d5c00000)
  to   space 1536K, 0% used [0x00000000d5900000,0x00000000d5900000,0x00000000d5a80000)
 ParOldGen       total 342016K, used 341945K [0x0000000080000000, 0x0000000094e00000, 0x00000000d5580000)
  object space 342016K, 99% used [0x0000000080000000,0x0000000094dee668,0x0000000094e00000)
 Metaspace       used 66547K, committed 68096K, reserved 1114112K
  class space    used 6947K, committed 7616K, reserved 1048576K
}
Event: 1931.624 GC heap before
{Heap before GC invocations=630 (full 3):
 PSYoungGen      total 4608K, used 4442K [0x00000000d5580000, 0x00000000d5c00000, 0x0000000100000000)
  eden space 3584K, 100% used [0x00000000d5580000,0x00000000d5900000,0x00000000d5900000)
  from space 1024K, 83% used [0x00000000d5b00000,0x00000000d5bd6900,0x00000000d5c00000)
  to   space 1536K, 0% used [0x00000000d5900000,0x00000000d5900000,0x00000000d5a80000)
 ParOldGen       total 342016K, used 341945K [0x0000000080000000, 0x0000000094e00000, 0x00000000d5580000)
  object space 342016K, 99% used [0x0000000080000000,0x0000000094dee668,0x0000000094e00000)
 Metaspace       used 66547K, committed 68096K, reserved 1114112K
  class space    used 6947K, committed 7616K, reserved 1048576K
}
Event: 1931.628 GC heap after
{Heap after GC invocations=630 (full 3):
 PSYoungGen      total 5120K, used 1518K [0x00000000d5580000, 0x00000000d5d00000, 0x0000000100000000)
  eden space 3584K, 0% used [0x00000000d5580000,0x00000000d5580000,0x00000000d5900000)
  from space 1536K, 98% used [0x00000000d5900000,0x00000000d5a7ba28,0x00000000d5a80000)
  to   space 2048K, 0% used [0x00000000d5b00000,0x00000000d5b00000,0x00000000d5d00000)
 ParOldGen       total 342528K, used 342526K [0x0000000080000000, 0x0000000094e80000, 0x00000000d5580000)
  object space 342528K, 99% used [0x0000000080000000,0x0000000094e7f868,0x0000000094e80000)
 Metaspace       used 66547K, committed 68096K, reserved 1114112K
  class space    used 6947K, committed 7616K, reserved 1048576K
}
Event: 1931.683 GC heap before
{Heap before GC invocations=631 (full 3):
 PSYoungGen      total 5120K, used 5102K [0x00000000d5580000, 0x00000000d5d00000, 0x0000000100000000)
  eden space 3584K, 100% used [0x00000000d5580000,0x00000000d5900000,0x00000000d5900000)
  from space 1536K, 98% used [0x00000000d5900000,0x00000000d5a7ba28,0x00000000d5a80000)
  to   space 2048K, 0% used [0x00000000d5b00000,0x00000000d5b00000,0x00000000d5d00000)
 ParOldGen       total 342528K, used 342526K [0x0000000080000000, 0x0000000094e80000, 0x00000000d5580000)
  object space 342528K, 99% used [0x0000000080000000,0x0000000094e7f868,0x0000000094e80000)
 Metaspace       used 66554K, committed 68160K, reserved 1114112K
  class space    used 6947K, committed 7616K, reserved 1048576K
}
Event: 1931.688 GC heap after
{Heap after GC invocations=631 (full 3):
 PSYoungGen      total 5632K, used 1729K [0x00000000d5580000, 0x00000000d5d00000, 0x0000000100000000)
  eden space 3584K, 0% used [0x00000000d5580000,0x00000000d5580000,0x00000000d5900000)
  from space 2048K, 84% used [0x00000000d5b00000,0x00000000d5cb05a0,0x00000000d5d00000)
  to   space 2048K, 0% used [0x00000000d5900000,0x00000000d5900000,0x00000000d5b00000)
 ParOldGen       total 344064K, used 343844K [0x0000000080000000, 0x0000000095000000, 0x00000000d5580000)
  object space 344064K, 99% used [0x0000000080000000,0x0000000094fc9208,0x0000000095000000)
 Metaspace       used 66554K, committed 68160K, reserved 1114112K
  class space    used 6947K, committed 7616K, reserved 1048576K
}
Event: 4812.956 GC heap before
{Heap before GC invocations=632 (full 3):
 PSYoungGen      total 5632K, used 5308K [0x00000000d5580000, 0x00000000d5d00000, 0x0000000100000000)
  eden space 3584K, 99% used [0x00000000d5580000,0x00000000d58fed08,0x00000000d5900000)
  from space 2048K, 84% used [0x00000000d5b00000,0x00000000d5cb05a0,0x00000000d5d00000)
  to   space 2048K, 0% used [0x00000000d5900000,0x00000000d5900000,0x00000000d5b00000)
 ParOldGen       total 344064K, used 343844K [0x0000000080000000, 0x0000000095000000, 0x00000000d5580000)
  object space 344064K, 99% used [0x0000000080000000,0x0000000094fc9208,0x0000000095000000)
 Metaspace       used 66595K, committed 68160K, reserved 1114112K
  class space    used 6947K, committed 7616K, reserved 1048576K
}
Event: 4813.110 GC heap after
{Heap after GC invocations=632 (full 3):
 PSYoungGen      total 4096K, used 384K [0x00000000d5580000, 0x00000000d5b80000, 0x0000000100000000)
  eden space 3584K, 0% used [0x00000000d5580000,0x00000000d5580000,0x00000000d5900000)
  from space 512K, 75% used [0x00000000d5900000,0x00000000d5960000,0x00000000d5980000)
  to   space 1024K, 0% used [0x00000000d5a80000,0x00000000d5a80000,0x00000000d5b80000)
 ParOldGen       total 345088K, used 344732K [0x0000000080000000, 0x0000000095100000, 0x00000000d5580000)
  object space 345088K, 99% used [0x0000000080000000,0x00000000950a7208,0x0000000095100000)
 Metaspace       used 66595K, committed 68160K, reserved 1114112K
  class space    used 6947K, committed 7616K, reserved 1048576K
}

