# JRE version: Java(TM) SE Runtime Environment (21.0.8+12) (build 21.0.8+12-LTS-250)
# Java VM: Java HotSpot(TM) 64-Bit Server VM (21.0.8+12-LTS-250, mixed mode, sharing, tiered, compressed oops, compressed class ptrs, g1 gc, windows-amd64)
GC Precious Log:
 CardTable entry size: 512
 Card Set container configuration: InlinePtr #cards 4 size 8 Array Of Cards #cards 16 size 48 Howl #buckets 8 coarsen threshold 3686 Howl Bitmap #cards 512 size 80 coarsen threshold 460 Card regions per heap region 1 cards per card region 4096
 CPUs: 12 total, 12 available
 Memory: 16088M
 Large Page Support: Disabled
 NUMA Support: Disabled
 Compressed Oops: Enabled (Zero based)
 Heap Region Size: 2M
 Heap Min Capacity: 8M
 Heap Initial Capacity: 252M
 Heap Max Capacity: 4024M
 Pre-touch: Disabled
 Parallel Workers: 10
 Concurrent Workers: 3
 Concurrent Refinement Workers: 10
 Periodic GC: Disabled
Heap:
 garbage-first heap   total 92160K, used 43269K [0x0000000704800000, 0x0000000800000000)
  region size 2048K, 7 young (14336K), 1 survivors (2048K)
 Metaspace       used 60125K, committed 60864K, reserved 1114112K
  class space    used 7618K, committed 7936K, reserved 1048576K
GC Heap History (18 events):
Event: 0.539 GC heap before
{Heap before GC invocations=0 (full 0):
 garbage-first heap   total 258048K, used 20480K [0x0000000704800000, 0x0000000800000000)
  region size 2048K, 11 young (22528K), 0 survivors (0K)
 Metaspace       used 3673K, committed 3904K, reserved 1114112K
  class space    used 383K, committed 512K, reserved 1048576K
}
Event: 0.543 GC heap after
{Heap after GC invocations=1 (full 0):
 garbage-first heap   total 258048K, used 7450K [0x0000000704800000, 0x0000000800000000)
  region size 2048K, 2 young (4096K), 2 survivors (4096K)
 Metaspace       used 3673K, committed 3904K, reserved 1114112K
  class space    used 383K, committed 512K, reserved 1048576K
}
Event: 0.827 GC heap before
{Heap before GC invocations=1 (full 0):
 garbage-first heap   total 258048K, used 29978K [0x0000000704800000, 0x0000000800000000)
  region size 2048K, 14 young (28672K), 2 survivors (4096K)
 Metaspace       used 7387K, committed 7616K, reserved 1114112K
  class space    used 800K, committed 896K, reserved 1048576K
}
Event: 0.830 GC heap after
{Heap after GC invocations=2 (full 0):
 garbage-first heap   total 258048K, used 11394K [0x0000000704800000, 0x0000000800000000)
  region size 2048K, 2 young (4096K), 2 survivors (4096K)
 Metaspace       used 7387K, committed 7616K, reserved 1114112K
  class space    used 800K, committed 896K, reserved 1048576K
}
Event: 2.556 GC heap before
{Heap before GC invocations=2 (full 0):
 garbage-first heap   total 258048K, used 70786K [0x0000000704800000, 0x0000000800000000)
  region size 2048K, 32 young (65536K), 2 survivors (4096K)
 Metaspace       used 21139K, committed 21504K, reserved 1114112K
  class space    used 2627K, committed 2816K, reserved 1048576K
}
Event: 2.561 GC heap after
{Heap after GC invocations=3 (full 0):
 garbage-first heap   total 258048K, used 16341K [0x0000000704800000, 0x0000000800000000)
  region size 2048K, 5 young (10240K), 5 survivors (10240K)
 Metaspace       used 21139K, committed 21504K, reserved 1114112K
  class space    used 2627K, committed 2816K, reserved 1048576K
}
Event: 3.141 GC heap before
{Heap before GC invocations=4 (full 0):
 garbage-first heap   total 75776K, used 73685K [0x0000000704800000, 0x0000000800000000)
  region size 2048K, 33 young (67584K), 5 survivors (10240K)
 Metaspace       used 29852K, committed 30208K, reserved 1114112K
  class space    used 3632K, committed 3776K, reserved 1048576K
}
Event: 3.147 GC heap after
{Heap after GC invocations=5 (full 0):
 garbage-first heap   total 88064K, used 19586K [0x0000000704800000, 0x0000000800000000)
  region size 2048K, 6 young (12288K), 6 survivors (12288K)
 Metaspace       used 29852K, committed 30208K, reserved 1114112K
  class space    used 3632K, committed 3776K, reserved 1048576K
}
Event: 3.648 GC heap before
{Heap before GC invocations=5 (full 0):
 garbage-first heap   total 88064K, used 52354K [0x0000000704800000, 0x0000000800000000)
  region size 2048K, 23 young (47104K), 6 survivors (12288K)
 Metaspace       used 35452K, committed 35968K, reserved 1114112K
  class space    used 4344K, committed 4608K, reserved 1048576K
}
Event: 3.656 GC heap after
{Heap after GC invocations=6 (full 0):
 garbage-first heap   total 88064K, used 21590K [0x0000000704800000, 0x0000000800000000)
  region size 2048K, 3 young (6144K), 3 survivors (6144K)
 Metaspace       used 35452K, committed 35968K, reserved 1114112K
  class space    used 4344K, committed 4608K, reserved 1048576K
}
Event: 3.674 GC heap before
{Heap before GC invocations=6 (full 0):
 garbage-first heap   total 88064K, used 21590K [0x0000000704800000, 0x0000000800000000)
  region size 2048K, 4 young (8192K), 3 survivors (6144K)
 Metaspace       used 35816K, committed 36288K, reserved 1114112K
  class space    used 4383K, committed 4608K, reserved 1048576K
}
Event: 3.679 GC heap after
{Heap after GC invocations=7 (full 0):
 garbage-first heap   total 106496K, used 22420K [0x0000000704800000, 0x0000000800000000)
  region size 2048K, 2 young (4096K), 2 survivors (4096K)
 Metaspace       used 35816K, committed 36288K, reserved 1114112K
  class space    used 4383K, committed 4608K, reserved 1048576K
}
Event: 5.732 GC heap before
{Heap before GC invocations=8 (full 0):
 garbage-first heap   total 90112K, used 81812K [0x0000000704800000, 0x0000000800000000)
  region size 2048K, 31 young (63488K), 2 survivors (4096K)
 Metaspace       used 48280K, committed 48896K, reserved 1114112K
  class space    used 6069K, committed 6336K, reserved 1048576K
}
Event: 5.741 GC heap after
{Heap after GC invocations=9 (full 0):
 garbage-first heap   total 92160K, used 26596K [0x0000000704800000, 0x0000000800000000)
  region size 2048K, 4 young (8192K), 4 survivors (8192K)
 Metaspace       used 48280K, committed 48896K, reserved 1114112K
  class space    used 6069K, committed 6336K, reserved 1048576K
}
Event: 8.584 GC heap before
{Heap before GC invocations=9 (full 0):
 garbage-first heap   total 92160K, used 73700K [0x0000000704800000, 0x0000000800000000)
  region size 2048K, 27 young (55296K), 4 survivors (8192K)
 Metaspace       used 56491K, committed 57216K, reserved 1114112K
  class space    used 7207K, committed 7552K, reserved 1048576K
}
Event: 8.598 GC heap after
{Heap after GC invocations=10 (full 0):
 garbage-first heap   total 92160K, used 31281K [0x0000000704800000, 0x0000000800000000)
  region size 2048K, 3 young (6144K), 3 survivors (6144K)
 Metaspace       used 56491K, committed 57216K, reserved 1114112K
  class space    used 7207K, committed 7552K, reserved 1048576K
}
Event: 339.256 GC heap before
{Heap before GC invocations=10 (full 0):
 garbage-first heap   total 92160K, used 53809K [0x0000000704800000, 0x0000000800000000)
  region size 2048K, 15 young (30720K), 3 survivors (6144K)
 Metaspace       used 59925K, committed 60608K, reserved 1114112K
  class space    used 7616K, committed 7936K, reserved 1048576K
}
Event: 339.277 GC heap after
{Heap after GC invocations=11 (full 0):
 garbage-first heap   total 92160K, used 33029K [0x0000000704800000, 0x0000000800000000)
  region size 2048K, 1 young (2048K), 1 survivors (2048K)
 Metaspace       used 59925K, committed 60608K, reserved 1114112K
  class space    used 7616K, committed 7936K, reserved 1048576K
}

